SF:lib\main.dart
DA:5,1
DA:6,1
DA:7,0
LF:3
LH:2
end_of_record
SF:lib\app\categories\controller\add_category_screen_controller.dart
DA:12,0
DA:22,0
DA:23,0
DA:25,0
DA:26,0
DA:27,0
DA:28,0
DA:30,0
DA:31,0
DA:32,0
DA:35,0
DA:36,0
DA:39,0
DA:40,0
DA:43,0
DA:44,0
DA:47,0
DA:48,0
DA:51,0
DA:53,0
DA:54,0
DA:55,0
DA:56,0
LF:23
LH:0
end_of_record
SF:lib\core\utils\validations.dart
DA:4,0
DA:5,0
DA:9,0
DA:10,0
LF:4
LH:0
end_of_record
SF:lib\app\categories\controller\categories_screen_controller.dart
DA:10,0
DA:12,0
DA:13,0
DA:16,0
DA:17,0
DA:18,0
DA:19,0
DA:23,0
DA:24,0
DA:27,0
DA:28,0
LF:11
LH:0
end_of_record
SF:lib\app\categories\controller\common_categories_controller.dart
DA:12,0
LF:1
LH:0
end_of_record
SF:lib\app\categories\widgets\icons_picker.dart
DA:7,1
DA:9,0
DA:11,0
DA:12,0
DA:15,0
DA:17,0
DA:18,0
DA:19,0
DA:20,0
DA:22,0
DA:23,0
LF:11
LH:1
end_of_record
SF:lib\core\utils\controllers_helpers.dart
DA:5,0
DA:6,0
DA:10,0
DA:11,0
DA:16,0
DA:17,0
DA:18,0
DA:22,0
DA:23,0
DA:27,0
DA:28,0
DA:29,0
LF:12
LH:0
end_of_record
SF:lib\domain\entities\category_entity.dart
DA:13,0
DA:16,0
DA:20,0
DA:21,0
DA:22,0
DA:24,0
DA:25,0
DA:27,0
DA:29,0
DA:31,0
DA:33,0
DA:35,0
DA:37,0
DA:38,0
DA:39,0
DA:40,0
DA:41,0
DA:42,0
DA:45,0
DA:46,0
DA:47,0
LF:21
LH:0
end_of_record
SF:lib\app\categories\screens\add_new_category_screen.dart
DA:6,1
DA:8,0
DA:10,0
DA:11,0
DA:12,0
LF:5
LH:1
end_of_record
SF:lib\core\presentation\controllers\base_controller.dart
DA:7,0
DA:8,0
DA:11,0
DA:15,0
DA:16,0
DA:19,0
DA:20,0
DA:23,0
DA:24,0
LF:9
LH:0
end_of_record
SF:lib\core\presentation\controllers\loading_controller.dart
DA:6,0
DA:8,0
DA:9,0
DA:12,0
DA:13,0
DA:16,0
DA:17,0
LF:7
LH:0
end_of_record
SF:lib\data\categories_services.dart
DA:12,0
DA:14,0
DA:17,0
DA:19,0
DA:22,0
DA:24,0
DA:27,0
DA:29,0
DA:30,0
DA:33,0
DA:35,0
DA:38,0
DA:40,0
LF:13
LH:0
end_of_record
SF:lib\app\categories\widgets\add_new_category_form.dart
DA:11,0
DA:12,0
DA:13,0
DA:15,0
DA:17,0
DA:19,0
DA:21,0
DA:23,0
DA:24,0
DA:25,0
DA:26,0
DA:27,0
DA:29,0
DA:30,0
DA:32,0
DA:35,0
DA:36,0
DA:37,0
DA:39,0
DA:41,0
DA:43,0
DA:44,0
DA:47,0
DA:52,0
DA:54,0
DA:56,0
DA:57,0
DA:58,0
DA:71,1
DA:73,0
DA:75,0
DA:77,0
DA:80,0
DA:81,0
DA:84,0
DA:85,0
DA:95,0
DA:97,0
DA:99,0
DA:101,0
DA:102,0
DA:103,0
DA:109,0
DA:111,0
DA:113,0
DA:116,0
DA:117,0
DA:119,0
LF:48
LH:1
end_of_record
SF:lib\app\categories\screens\categories_screen.dart
DA:8,1
DA:10,0
DA:12,0
DA:16,0
LF:4
LH:1
end_of_record
SF:lib\core\presentation\widgets\build_text.dart
DA:15,9
DA:21,0
DA:23,0
DA:25,0
DA:27,0
DA:28,0
LF:6
LH:1
end_of_record
SF:lib\app\categories\widgets\categories_screen_body.dart
DA:12,0
DA:13,0
DA:14,0
DA:16,0
DA:18,0
DA:19,0
DA:22,0
DA:24,0
DA:26,0
DA:27,0
DA:31,0
DA:43,0
DA:45,0
DA:47,0
DA:48,0
DA:50,0
DA:52,0
DA:57,0
DA:59,0
DA:67,0
DA:69,0
DA:71,0
DA:72,0
DA:73,0
DA:76,0
DA:77,0
DA:78,0
DA:80,0
DA:82,0
DA:83,0
DA:84,0
LF:31
LH:0
end_of_record
SF:lib\app\categories\widgets\colors_slider.dart
DA:9,0
DA:10,0
DA:12,0
DA:14,0
DA:16,0
DA:17,0
DA:24,0
DA:26,0
DA:27,0
DA:28,0
DA:31,0
DA:37,0
LF:12
LH:0
end_of_record
SF:lib\core\applicationManagers\navigation_manager.dart
DA:7,0
DA:8,0
DA:9,0
DA:12,0
DA:13,0
DA:16,0
DA:17,0
DA:20,0
DA:22,0
DA:24,0
LF:10
LH:0
end_of_record
SF:lib\core\utils\mat_icons.dart
DA:3,0
LF:1
LH:0
end_of_record
SF:lib\app\dashboard\controller\dashboard_screen_controller.dart
DA:20,0
DA:21,0
DA:22,0
DA:23,0
DA:36,0
DA:38,0
DA:39,0
DA:42,0
DA:43,0
DA:44,0
DA:45,0
DA:46,0
DA:49,0
DA:50,0
DA:53,0
DA:54,0
DA:55,0
DA:56,0
DA:57,0
DA:60,0
DA:61,0
DA:64,0
DA:65,0
DA:66,0
DA:67,0
DA:68,0
DA:70,0
DA:71,0
DA:75,0
DA:77,0
DA:78,0
DA:79,0
DA:83,0
DA:85,0
DA:89,0
DA:90,0
DA:94,0
DA:95,0
DA:99,0
DA:100,0
DA:101,0
DA:105,0
DA:106,0
DA:110,0
DA:111,0
DA:112,0
DA:113,0
DA:117,0
DA:118,0
DA:119,0
DA:122,0
DA:123,0
DA:126,0
DA:127,0
DA:129,0
DA:130,0
DA:134,0
DA:135,0
DA:139,0
DA:142,0
DA:143,0
DA:147,0
DA:148,0
LF:63
LH:0
end_of_record
SF:lib\core\extensions\date_time_ext.dart
DA:4,0
DA:6,0
DA:7,0
DA:8,0
DA:9,0
DA:12,0
DA:13,0
LF:7
LH:0
end_of_record
SF:lib\data\tasks_services.dart
DA:12,0
DA:15,0
DA:17,0
DA:20,0
DA:22,0
DA:25,0
DA:27,0
DA:30,0
DA:32,0
DA:33,0
DA:36,0
DA:38,0
DA:41,0
DA:43,0
LF:14
LH:0
end_of_record
SF:lib\domain\entities\task_entity.dart
DA:14,0
DA:17,0
DA:26,0
DA:28,0
DA:31,0
DA:32,0
DA:33,0
DA:35,0
DA:37,0
DA:38,0
DA:40,0
DA:41,0
DA:43,0
DA:44,0
DA:45,0
DA:46,0
DA:47,0
DA:48,0
DA:49,0
DA:50,0
DA:53,0
DA:54,0
DA:56,0
DA:57,0
DA:60,0
DA:61,0
DA:64,0
DA:65,0
DA:68,0
DA:69,0
DA:72,0
DA:73,0
DA:76,0
DA:77,0
DA:78,0
DA:79,0
DA:80,0
DA:81,0
DA:82,0
DA:83,0
DA:87,0
DA:88,0
DA:89,0
DA:90,0
DA:91,0
DA:92,0
DA:93,0
DA:94,0
DA:95,0
DA:98,0
DA:103,0
DA:104,0
DA:105,0
DA:106,0
DA:107,0
DA:108,0
DA:109,0
DA:110,0
LF:58
LH:0
end_of_record
SF:lib\app\dashboard\screens\dashboard_screen.dart
DA:8,1
DA:10,0
DA:12,0
DA:14,0
LF:4
LH:1
end_of_record
SF:lib\app\dashboard\widgets\add_task_float_button.dart
DA:9,1
DA:11,0
DA:13,0
DA:15,0
DA:17,0
DA:19,0
DA:24,0
DA:25,0
LF:8
LH:1
end_of_record
SF:lib\app\dashboard\widgets\dashboard_app_bar.dart
DA:7,1
DA:9,0
DA:11,0
DA:19,0
DA:24,1
DA:26,0
DA:28,0
DA:29,0
DA:30,0
DA:34,0
DA:35,0
DA:40,1
DA:42,0
DA:44,0
DA:45,0
LF:15
LH:3
end_of_record
SF:lib\app\dashboard\widgets\dashboard_screen_body.dart
DA:16,0
DA:17,0
DA:18,0
DA:20,0
DA:22,0
DA:24,0
DA:25,0
DA:27,0
DA:28,0
DA:29,0
DA:31,0
DA:32,0
DA:33,0
DA:34,0
DA:35,0
DA:36,0
DA:38,0
DA:39,0
DA:40,0
DA:41,0
DA:42,0
DA:43,0
DA:58,0
DA:64,0
DA:66,0
DA:68,0
DA:69,0
DA:71,0
DA:74,0
DA:75,0
DA:76,0
DA:78,0
DA:79,0
DA:80,0
DA:82,0
DA:84,0
DA:86,0
LF:37
LH:0
end_of_record
SF:lib\app\task\screens\create_new_task_screen.dart
DA:9,1
DA:11,0
DA:14,0
DA:19,0
LF:4
LH:1
end_of_record
SF:lib\app\task\screens\calendar_screen.dart
DA:7,1
DA:9,0
DA:11,0
DA:12,0
DA:19,0
LF:5
LH:1
end_of_record
SF:lib\app\task\screens\tasks_trash_screen.dart
DA:12,1
DA:14,0
DA:16,0
DA:17,0
DA:18,0
DA:25,0
DA:26,0
DA:27,0
DA:29,0
DA:31,0
DA:33,0
DA:35,0
DA:36,0
DA:37,0
DA:38,0
DA:39,0
DA:40,0
DA:41,0
DA:43,0
DA:44,0
DA:46,0
DA:47,0
DA:52,0
LF:23
LH:1
end_of_record
SF:lib\app\dashboard\widgets\search_field.dart
DA:13,0
DA:14,0
DA:16,0
DA:18,0
DA:20,0
DA:21,0
DA:22,0
DA:24,0
DA:26,0
DA:28,0
LF:10
LH:0
end_of_record
SF:lib\core\presentation\widgets\loading_widget.dart
DA:7,4
DA:9,0
DA:11,0
DA:12,0
DA:13,0
LF:5
LH:1
end_of_record
SF:lib\app\dashboard\widgets\tasks_list_view.dart
DA:14,0
DA:20,0
DA:22,0
DA:24,0
DA:25,0
DA:26,0
DA:27,0
DA:28,0
DA:29,0
DA:30,0
DA:32,0
DA:33,0
LF:12
LH:0
end_of_record
SF:lib\app\dashboard\widgets\empty_tasks_list.dart
DA:9,2
DA:11,0
DA:15,0
DA:16,0
LF:4
LH:1
end_of_record
SF:lib\core\presentation\widgets\empty_list.dart
DA:6,2
DA:8,0
DA:11,0
LF:3
LH:1
end_of_record
SF:lib\core\presentation\widgets\space_widget.dart
DA:8,0
DA:9,0
DA:11,10
DA:13,0
DA:15,4
DA:17,0
DA:19,3
DA:22,0
DA:24,0
DA:26,0
DA:29,0
DA:32,0
LF:12
LH:3
end_of_record
SF:lib\core\presentation\widgets\build_text_field.dart
DA:28,0
DA:42,0
DA:44,0
DA:46,0
DA:48,0
DA:51,0
DA:52,0
DA:55,0
DA:59,0
DA:60,0
DA:61,0
DA:62,0
DA:63,0
DA:64,0
DA:66,0
DA:67,0
DA:68,0
DA:69,0
DA:74,0
DA:75,0
DA:77,0
LF:21
LH:0
end_of_record
SF:lib\core\presentation\widgets\svg_icon.dart
DA:14,0
DA:21,0
DA:23,0
DA:25,0
DA:27,0
DA:29,0
DA:31,0
DA:33,0
DA:37,0
DA:39,0
DA:40,0
DA:41,0
DA:42,0
LF:13
LH:0
end_of_record
SF:lib\app\dashboard\widgets\task_card.dart
DA:24,0
DA:29,0
DA:31,0
DA:32,0
DA:35,0
DA:37,0
DA:40,0
DA:42,0
DA:43,0
DA:44,0
DA:45,0
DA:46,0
DA:47,0
DA:49,0
DA:50,0
DA:52,0
DA:53,0
DA:54,0
DA:56,0
DA:57,0
DA:60,0
DA:62,0
DA:63,0
DA:65,0
DA:66,0
DA:67,0
DA:71,0
DA:72,0
DA:73,0
LF:29
LH:0
end_of_record
SF:lib\app\task\screens\edit_task_screen.dart
DA:12,0
DA:14,0
DA:16,0
DA:18,0
DA:20,0
LF:5
LH:0
end_of_record
SF:lib\app\dashboard\widgets\task_category_card.dart
DA:12,0
DA:13,0
DA:15,0
DA:17,0
DA:18,0
DA:19,0
DA:21,0
DA:23,0
DA:24,0
DA:26,0
DA:27,0
DA:29,0
LF:12
LH:0
end_of_record
SF:lib\app\login\controller\login_screen_controller.dart
DA:10,0
DA:11,0
DA:12,0
DA:21,0
DA:22,0
DA:23,0
DA:26,0
DA:27,0
DA:31,0
DA:32,0
DA:36,0
DA:37,0
DA:40,0
DA:42,0
DA:43,0
DA:49,0
DA:50,0
LF:17
LH:0
end_of_record
SF:lib\app\login\screens\login_screen.dart
DA:6,1
DA:8,0
DA:10,0
LF:3
LH:1
end_of_record
SF:lib\app\login\widgets\login_screen_body.dart
DA:13,0
DA:14,0
DA:15,0
DA:17,0
DA:19,0
DA:20,0
DA:22,0
DA:23,0
DA:25,0
DA:27,0
DA:29,0
DA:32,0
LF:12
LH:0
end_of_record
SF:lib\core\presentation\widgets\build_main_button.dart
DA:17,1
DA:28,0
DA:30,0
DA:31,0
DA:37,0
DA:39,0
DA:40,0
DA:41,0
DA:42,0
DA:43,0
DA:44,0
DA:45,0
DA:46,0
DA:47,0
DA:48,0
DA:50,0
DA:51,0
DA:52,0
DA:53,0
DA:58,0
DA:59,0
DA:60,0
DA:61,0
DA:64,0
DA:65,0
DA:66,0
DA:67,0
LF:27
LH:1
end_of_record
SF:lib\app\root\responsive_builder.dart
DA:8,0
DA:13,0
DA:14,0
DA:18,0
DA:19,0
DA:23,0
LF:6
LH:0
end_of_record
SF:lib\app\root\root_widget.dart
DA:12,1
DA:14,0
DA:16,0
DA:21,0
DA:22,0
DA:23,0
DA:25,0
LF:7
LH:1
end_of_record
SF:lib\core\localization\localization_settings.dart
DA:9,0
DA:15,1
DA:16,1
DA:19,1
DA:21,3
DA:22,2
DA:25,0
LF:7
LH:5
end_of_record
SF:lib\core\localization\translation.dart
DA:6,0
DA:7,0
LF:2
LH:0
end_of_record
SF:lib\core\presentation\style\theme\dark_theme.dart
DA:6,0
DA:24,0
DA:25,0
DA:27,0
DA:30,0
DA:31,0
LF:6
LH:0
end_of_record
SF:lib\app\task\controllers\common_tasks_controller.dart
DA:12,0
LF:1
LH:0
end_of_record
SF:lib\app\task\controllers\create_task_screen_controller.dart
DA:5,0
DA:6,0
DA:8,0
DA:9,0
DA:10,0
DA:11,0
DA:12,0
DA:13,0
DA:15,0
DA:16,0
DA:17,0
DA:18,0
DA:21,0
DA:22,0
LF:14
LH:0
end_of_record
SF:lib\app\task\controllers\task_operations_controller.dart
DA:24,0
DA:26,0
DA:27,0
DA:28,0
DA:29,0
DA:30,0
DA:33,0
DA:34,0
DA:37,0
DA:38,0
DA:41,0
DA:42,0
DA:46,0
DA:47,0
DA:50,0
DA:51,0
DA:54,0
DA:55,0
DA:58,0
DA:59,0
LF:20
LH:0
end_of_record
SF:lib\app\task\controllers\edit_task_screen_controller.dart
DA:13,0
DA:17,0
DA:19,0
DA:20,0
DA:24,0
DA:25,0
DA:26,0
DA:27,0
DA:28,0
DA:29,0
DA:30,0
DA:31,0
DA:34,0
DA:35,0
DA:36,0
DA:39,0
DA:40,0
DA:41,0
DA:42,0
DA:43,0
DA:44,0
DA:45,0
DA:47,0
DA:48,0
DA:51,0
DA:52,0
DA:53,0
DA:54,0
DA:57,0
DA:58,0
DA:59,0
DA:60,0
DA:61,0
DA:62,0
DA:65,0
DA:66,0
DA:67,0
DA:68,0
DA:71,0
DA:72,0
DA:75,0
DA:78,0
LF:42
LH:0
end_of_record
SF:lib\app\task\widgets\delete_task_alert.dart
DA:7,0
DA:9,0
DA:11,0
DA:12,0
DA:18,0
DA:21,0
DA:23,0
DA:25,0
DA:26,0
DA:28,0
LF:10
LH:0
end_of_record
SF:lib\app\task\controllers\tasks_trash_controller.dart
DA:10,0
DA:12,0
DA:13,0
DA:16,0
DA:17,0
DA:18,0
DA:19,0
DA:22,0
DA:23,0
DA:24,0
DA:25,0
DA:26,0
DA:29,0
DA:30,0
DA:31,0
DA:32,0
LF:16
LH:0
end_of_record
SF:lib\app\task\widgets\calendar_screen_body.dart
DA:12,0
DA:13,0
DA:14,0
DA:16,0
DA:18,0
DA:21,0
DA:23,0
DA:24,0
DA:26,0
DA:29,0
DA:31,0
DA:32,0
DA:33,0
DA:36,0
LF:14
LH:0
end_of_record
SF:lib\app\task\widgets\add_new_task_form.dart
DA:13,0
DA:14,0
DA:15,0
DA:17,0
DA:20,0
DA:22,0
DA:23,0
DA:24,0
DA:27,0
DA:30,0
DA:31,0
DA:32,0
DA:35,0
DA:36,0
DA:39,0
DA:41,0
DA:48,0
DA:50,0
DA:52,0
DA:56,0
DA:58,0
DA:60,0
DA:62,0
DA:71,1
DA:73,0
DA:75,0
DA:77,0
DA:78,0
DA:79,0
DA:81,0
DA:83,0
DA:85,0
DA:90,0
DA:91,0
DA:92,0
LF:35
LH:1
end_of_record
SF:lib\app\task\widgets\edit_task_screen_app_bar.dart
DA:8,1
DA:10,0
DA:12,0
DA:14,0
DA:16,0
DA:17,0
DA:20,0
DA:23,0
DA:24,0
DA:30,0
DA:36,0
DA:38,0
DA:40,0
DA:42,0
DA:43,0
LF:15
LH:1
end_of_record
SF:lib\app\task\widgets\edit_task_screen_body.dart
DA:13,0
DA:14,0
DA:15,0
DA:17,0
DA:20,0
DA:21,0
DA:23,0
DA:24,0
DA:25,0
DA:26,0
DA:27,0
DA:28,0
DA:29,0
DA:30,0
DA:32,0
DA:34,0
DA:35,0
DA:39,0
DA:41,0
DA:42,0
DA:45,0
DA:46,0
DA:47,0
DA:48,0
DA:51,0
DA:52,0
DA:53,0
DA:56,0
DA:57,0
DA:58,0
DA:66,0
DA:67,0
DA:77,0
DA:78,0
DA:80,0
DA:81,0
DA:91,0
DA:98,0
DA:100,0
DA:102,0
DA:104,0
DA:105,0
DA:106,0
DA:107,0
DA:109,0
DA:111,0
LF:46
LH:0
end_of_record
SF:lib\core\applicationManagers\pre_launch_manager.dart
DA:6,3
DA:8,1
DA:10,0
DA:11,0
DA:18,1
DA:19,2
DA:22,1
DA:23,1
DA:24,0
DA:27,1
DA:29,1
DA:30,1
DA:31,1
DA:36,0
DA:39,0
DA:40,0
DA:44,0
DA:45,0
LF:18
LH:10
end_of_record
SF:lib\core\data\data_base.dart
DA:11,0
DA:13,1
DA:14,1
DA:17,1
DA:18,1
DA:19,0
DA:20,0
DA:26,0
DA:28,0
DA:35,0
LF:10
LH:4
end_of_record
SF:lib\core\data\data_base_services.dart
DA:7,0
DA:8,0
DA:11,0
DA:12,0
DA:13,0
DA:16,0
DA:17,0
DA:18,0
DA:19,0
DA:22,0
DA:23,0
DA:24,0
DA:25,0
DA:33,0
DA:38,0
DA:39,0
DA:40,0
DA:43,0
DA:46,0
DA:47,0
DA:48,0
DA:50,0
LF:22
LH:0
end_of_record
SF:lib\core\presentation\widgets\cancel_button.dart
DA:9,3
DA:11,0
LF:2
LH:1
end_of_record
SF:lib\core\presentation\widgets\date_time_picker_button.dart
DA:10,0
DA:11,0
DA:22,0
DA:25,0
DA:27,0
DA:29,0
DA:31,0
DA:32,0
DA:33,0
DA:34,0
DA:37,0
DA:39,0
DA:41,0
DA:42,0
DA:52,0
DA:54,0
DA:55,0
DA:64,0
DA:66,0
DA:67,0
DA:68,0
DA:71,0
DA:72,0
DA:73,0
DA:77,0
DA:78,0
DA:79,0
DA:80,0
DA:84,0
DA:85,0
DA:86,0
DA:87,0
DA:90,0
DA:92,0
DA:94,0
DA:97,0
DA:98,0
DA:99,0
DA:100,0
DA:101,0
DA:102,0
DA:103,0
DA:108,0
DA:109,0
DA:110,0
DA:111,0
DA:112,0
DA:114,0
DA:115,0
DA:120,0
DA:121,0
DA:122,0
DA:123,0
DA:125,0
DA:126,0
DA:127,0
DA:128,0
DA:129,0
DA:134,0
DA:135,0
DA:136,0
DA:137,0
DA:138,0
DA:139,0
DA:140,0
DA:143,0
DA:144,0
DA:150,0
DA:151,0
DA:152,0
DA:153,0
DA:167,0
DA:168,0
DA:169,0
DA:170,0
DA:171,0
DA:173,0
DA:174,0
DA:177,0
DA:179,0
DA:181,0
DA:182,0
DA:184,0
DA:185,0
DA:190,0
DA:191,0
DA:194,0
DA:195,0
DA:196,0
DA:197,0
DA:198,0
DA:200,0
DA:201,0
DA:203,0
DA:204,0
DA:205,0
DA:206,0
DA:207,0
DA:208,0
DA:211,0
DA:214,0
DA:215,0
DA:216,0
DA:217,0
DA:218,0
DA:220,0
DA:221,0
DA:223,0
DA:224,0
DA:225,0
DA:226,0
DA:227,0
DA:228,0
DA:231,0
DA:234,0
DA:235,0
DA:236,0
DA:238,0
DA:239,0
DA:242,0
DA:243,0
DA:244,0
DA:245,0
DA:246,0
DA:247,0
DA:250,0
DA:259,0
DA:264,0
DA:266,0
DA:268,0
DA:270,0
DA:271,0
DA:273,0
DA:275,0
DA:279,0
DA:280,0
LF:136
LH:0
end_of_record
SF:lib\core\presentation\widgets\share_button.dart
DA:6,0
DA:8,0
DA:10,0
LF:3
LH:0
end_of_record
